        -:    0:Source:Collatz.c++
        -:    0:Graph:Collatz.gcno
        -:    0:Data:Collatz.gcda
        -:    0:Runs:2
        -:    0:Programs:1
        -:    1:// ----------------------------
        -:    2:// projects/collatz/Collatz.c++
        -:    3:// Copyright (C) 2015
        -:    4:// Glenn P. Downing
        -:    5:// ----------------------------
        -:    6:
        -:    7:// --------
        -:    8:// includes
        -:    9:// --------
        -:   10:
        -:   11:#include <cassert>  // assert
        -:   12:#include <iostream> // endl, istream, ostream
        -:   13:#include <sstream>  // istringstream
        -:   14:#include <string>   // getline, string
        -:   15:#include <utility>  // make_pair, pair
        -:   16:
        -:   17:#include "Collatz.h"
        -:   18:
        -:   19:using namespace std;
        -:   20:
        -:   21:// ------------
        -:   22:// collatz_read
        -:   23:// ------------
        -:   24:
function _Z12collatz_readRKSs called 18 returned 100% blocks executed 70%
       18:   25:pair<int, int> collatz_read (const string& s) {
       18:   26:    istringstream sin(s);
branch  0 taken 100% (fallthrough)
branch  1 taken 0% (throw)
call    2 returned 100%
        -:   27:    int i;
        -:   28:    int j;
       18:   29:    sin >> i >> j;
branch  0 taken 100% (fallthrough)
branch  1 taken 0% (throw)
call    2 returned 100%
branch  3 taken 100% (fallthrough)
branch  4 taken 0% (throw)
call    5 returned 100%
       18:   30:    return make_pair(i, j);}
call    0 returned 100%
branch  1 taken 100% (fallthrough)
branch  2 taken 0% (throw)
call    3 returned 100%
call    4 never executed
call    5 never executed
        -:   31:
        -:   32:// ------------
        -:   33:// collatz_eval
        -:   34:// ------------
        -:   35:
function _Z12collatz_evalii called 20 returned 100% blocks executed 86%
       20:   36:int collatz_eval (int i, int j) {
        -:   37:    // <your code>
       20:   38:    if(i > j){
branch  0 taken 10% (fallthrough)
branch  1 taken 90%
        2:   39:        int temp = i;
        2:   40:        i = j;
        2:   41:        j = temp;
        -:   42:    }
       20:   43:    assert (i >= 1);
branch  0 taken 0% (fallthrough)
branch  1 taken 100%
call    2 never executed
       20:   44:    assert (j < 1000000);
branch  0 taken 0% (fallthrough)
branch  1 taken 100%
call    2 never executed
       20:   45:    int steps = 1;
       20:   46:    int max = steps;
  2000910:   47:    for(int start = i; start <= j; start++) {
branch  0 taken 99%
branch  1 taken 1% (fallthrough)
  2000890:   48:        int k = start;
  2000890:   49:        steps = 1;
266774078:   50:        while(k > 1){
branch  0 taken 99%
branch  1 taken 1% (fallthrough)
262772298:   51:            if(k % 2 == 0){
branch  0 taken 67% (fallthrough)
branch  1 taken 33%
175586128:   52:                k = k / 2;
        -:   53:            } else {
 87186170:   54:                k = 3*k + 1;
        -:   55:            }
262772298:   56:            steps++;
        -:   57:        }
  2000890:   58:        if(steps > max)
branch  0 taken 1% (fallthrough)
branch  1 taken 99%
      162:   59:            max = steps;
        -:   60:    }
       20:   61:    assert (max > 0);
branch  0 taken 0% (fallthrough)
branch  1 taken 100%
call    2 never executed
       20:   62:    return max;
        -:   63:}
        -:   64:
        -:   65:
        -:   66:// -------------
        -:   67:// collatz_print
        -:   68:// -------------
        -:   69:
function _Z13collatz_printRSoiii called 18 returned 100% blocks executed 100%
       18:   70:void collatz_print (ostream& w, int i, int j, int v) {
       18:   71:    w << i << " " << j << " " << v << endl;}
call    0 returned 100%
call    1 returned 100%
call    2 returned 100%
call    3 returned 100%
call    4 returned 100%
call    5 returned 100%
        -:   72:
        -:   73:// -------------
        -:   74:// collatz_solve
        -:   75:// -------------
        -:   76:
function _Z13collatz_solveRSiRSo called 6 returned 100% blocks executed 73%
        6:   77:void collatz_solve (istream& r, ostream& w) {
        6:   78:    string s;
branch  0 taken 100% (fallthrough)
branch  1 taken 0% (throw)
call    2 returned 100%
       24:   79:    while (getline(r, s)) {
branch  0 taken 100% (fallthrough)
branch  1 taken 0% (throw)
call    2 returned 100%
branch  3 taken 100% (fallthrough)
branch  4 taken 0% (throw)
call    5 returned 100%
branch  6 taken 67%
branch  7 taken 33% (fallthrough)
       12:   80:        const pair<int, int> p = collatz_read(s);
branch  0 taken 100% (fallthrough)
branch  1 taken 0% (throw)
call    2 returned 100%
       12:   81:        const int            i = p.first;
       12:   82:        const int            j = p.second;
       12:   83:        const int            v = collatz_eval(i, j);
call    0 returned 100%
function _GLOBAL__sub_I__Z12collatz_readRKSs called 2 returned 100% blocks executed 100%
function _Z41__static_initialization_and_destruction_0ii called 2 returned 100% blocks executed 100%
       24:   84:        collatz_print(w, i, j, v);}}
call    0 returned 100%
branch  1 taken 100% (fallthrough)
branch  2 taken 0%
branch  3 taken 100% (fallthrough)
branch  4 taken 0%
branch  5 taken 100% (fallthrough)
branch  6 taken 0% (throw)
call    7 returned 100%
call    8 returned 100%
call    9 never executed
call   10 never executed
