        -:    0:Source:TestCollatz.c++
        -:    0:Graph:TestCollatz.gcno
        -:    0:Data:TestCollatz.gcda
        -:    0:Runs:1
        -:    0:Programs:1
        -:    1:// --------------------------------
        -:    2:// projects/collatz/TestCollatz.c++
        -:    3:// Copyright (C) 2015
        -:    4:// Glenn P. Downing
        -:    5:// --------------------------------
        -:    6:
        -:    7:// https://code.google.com/p/googletest/wiki/V1_7_Primer#Basic_Assertions
        -:    8:
        -:    9:// --------
        -:   10:// includes
        -:   11:// --------
        -:   12:
        -:   13:#include <iostream> // cout, endl
        -:   14:#include <sstream>  // istringtstream, ostringstream
        -:   15:#include <string>   // string
        -:   16:#include <utility>  // pair
        -:   17:
        -:   18:#include "gtest/gtest.h"
        -:   19:
        -:   20:#include "Collatz.h"
        -:   21:
        -:   22:using namespace std;
        -:   23:
        -:   24:// -----------
        -:   25:// TestCollatz
        -:   26:// -----------
        -:   27:
        -:   28:// ----
        -:   29:// read
        -:   30:// ----
        -:   31:
function _ZN19Collatz_read_0_TestD0Ev called 1 returned 100% blocks executed 100%
function _ZN19Collatz_read_0_TestD2Ev called 1 returned 100% blocks executed 75%
function _ZN19Collatz_read_0_Test8TestBodyEv called 1 returned 100% blocks executed 36%
function _ZN19Collatz_read_0_TestC2Ev called 1 returned 100% blocks executed 100%
        5:   32:TEST(Collatz, read_0) {
call    0 returned 100%
call    1 returned 100%
call    2 returned 100%
call    3 returned 100%
call    4 returned 100%
call    5 returned 100%
call    6 returned 100%
branch  7 taken 0% (fallthrough)
branch  8 taken 100%
call    9 never executed
call   10 returned 100%
        1:   33:    string s("1 10\n");
call    0 returned 100%
branch  1 taken 100% (fallthrough)
branch  2 taken 0% (throw)
call    3 returned 100%
call    4 returned 100%
call    5 never executed
        1:   34:    const pair<int, int> p = collatz_read(s);
branch  0 taken 100% (fallthrough)
branch  1 taken 0% (throw)
call    2 returned 100%
        1:   35:    ASSERT_EQ( 1, p.first);
branch  0 taken 100% (fallthrough)
branch  1 taken 0% (throw)
call    2 returned 100%
call    3 returned 100%
branch  4 taken 0% (fallthrough)
branch  5 taken 100%
branch  6 never executed
branch  7 never executed
call    8 never executed
branch  9 never executed
branch 10 never executed
call   11 never executed
branch 12 never executed
branch 13 never executed
call   14 never executed
branch 15 never executed
branch 16 never executed
call   17 never executed
branch 18 never executed
branch 19 never executed
call   20 never executed
branch 21 never executed
branch 22 never executed
call   23 never executed
branch 24 taken 100% (fallthrough)
branch 25 taken 0% (throw)
call   26 returned 100%
branch 27 taken 100%
branch 28 taken 0%
call   29 never executed
call   30 never executed
call   31 never executed
        1:   36:    ASSERT_EQ(10, p.second);}
branch  0 taken 100% (fallthrough)
branch  1 taken 0% (throw)
call    2 returned 100%
call    3 returned 100%
branch  4 taken 0% (fallthrough)
branch  5 taken 100%
branch  6 never executed
branch  7 never executed
call    8 never executed
branch  9 never executed
branch 10 never executed
call   11 never executed
branch 12 never executed
branch 13 never executed
call   14 never executed
branch 15 never executed
branch 16 never executed
call   17 never executed
branch 18 never executed
branch 19 never executed
call   20 never executed
branch 21 never executed
branch 22 never executed
call   23 never executed
branch 24 taken 100% (fallthrough)
branch 25 taken 0% (throw)
call   26 returned 100%
branch 27 taken 100%
branch 28 taken 0%
call   29 returned 100%
branch 30 taken 100%
branch 31 taken 0%
call   32 never executed
call   33 never executed
call   34 never executed
call   35 never executed
call   36 never executed
        -:   37:
function _ZN19Collatz_read_1_TestD0Ev called 1 returned 100% blocks executed 100%
function _ZN19Collatz_read_1_TestD2Ev called 1 returned 100% blocks executed 75%
function _ZN19Collatz_read_1_Test8TestBodyEv called 1 returned 100% blocks executed 36%
function _ZN19Collatz_read_1_TestC2Ev called 1 returned 100% blocks executed 100%
        5:   38:TEST(Collatz, read_1) {
call    0 returned 100%
call    1 returned 100%
call    2 returned 100%
call    3 returned 100%
call    4 returned 100%
call    5 returned 100%
call    6 returned 100%
branch  7 taken 0% (fallthrough)
branch  8 taken 100%
call    9 never executed
call   10 returned 100%
        1:   39:    string s("100 12");
call    0 returned 100%
branch  1 taken 100% (fallthrough)
branch  2 taken 0% (throw)
call    3 returned 100%
call    4 returned 100%
call    5 never executed
        1:   40:    const pair<int, int> p = collatz_read(s);
branch  0 taken 100% (fallthrough)
branch  1 taken 0% (throw)
call    2 returned 100%
        1:   41:    ASSERT_EQ( 100, p.first);
branch  0 taken 100% (fallthrough)
branch  1 taken 0% (throw)
call    2 returned 100%
call    3 returned 100%
branch  4 taken 0% (fallthrough)
branch  5 taken 100%
branch  6 never executed
branch  7 never executed
call    8 never executed
branch  9 never executed
branch 10 never executed
call   11 never executed
branch 12 never executed
branch 13 never executed
call   14 never executed
branch 15 never executed
branch 16 never executed
call   17 never executed
branch 18 never executed
branch 19 never executed
call   20 never executed
branch 21 never executed
branch 22 never executed
call   23 never executed
branch 24 taken 100% (fallthrough)
branch 25 taken 0% (throw)
call   26 returned 100%
branch 27 taken 100%
branch 28 taken 0%
call   29 never executed
call   30 never executed
call   31 never executed
        1:   42:    ASSERT_EQ( 12, p.second);
branch  0 taken 100% (fallthrough)
branch  1 taken 0% (throw)
call    2 returned 100%
call    3 returned 100%
branch  4 taken 0% (fallthrough)
branch  5 taken 100%
branch  6 never executed
branch  7 never executed
call    8 never executed
branch  9 never executed
branch 10 never executed
call   11 never executed
branch 12 never executed
branch 13 never executed
call   14 never executed
branch 15 never executed
branch 16 never executed
call   17 never executed
branch 18 never executed
branch 19 never executed
call   20 never executed
branch 21 never executed
branch 22 never executed
call   23 never executed
branch 24 taken 100% (fallthrough)
branch 25 taken 0% (throw)
call   26 returned 100%
branch 27 taken 100%
branch 28 taken 0%
call   29 returned 100%
branch 30 taken 100%
branch 31 taken 0%
call   32 never executed
call   33 never executed
call   34 never executed
call   35 never executed
call   36 never executed
        -:   43:}
        -:   44:
        -:   45:
function _ZN19Collatz_read_2_TestD0Ev called 1 returned 100% blocks executed 100%
function _ZN19Collatz_read_2_TestD2Ev called 1 returned 100% blocks executed 75%
function _ZN19Collatz_read_2_Test8TestBodyEv called 1 returned 100% blocks executed 36%
function _ZN19Collatz_read_2_TestC2Ev called 1 returned 100% blocks executed 100%
        5:   46:TEST(Collatz, read_2) {
call    0 returned 100%
call    1 returned 100%
call    2 returned 100%
call    3 returned 100%
call    4 returned 100%
call    5 returned 100%
call    6 returned 100%
branch  7 taken 0% (fallthrough)
branch  8 taken 100%
call    9 never executed
call   10 returned 100%
        1:   47:    string s("1 13");
call    0 returned 100%
branch  1 taken 100% (fallthrough)
branch  2 taken 0% (throw)
call    3 returned 100%
call    4 returned 100%
call    5 never executed
        1:   48:    const pair<int, int> p = collatz_read(s);
branch  0 taken 100% (fallthrough)
branch  1 taken 0% (throw)
call    2 returned 100%
        1:   49:    ASSERT_EQ( 1, p.first);
branch  0 taken 100% (fallthrough)
branch  1 taken 0% (throw)
call    2 returned 100%
call    3 returned 100%
branch  4 taken 0% (fallthrough)
branch  5 taken 100%
branch  6 never executed
branch  7 never executed
call    8 never executed
branch  9 never executed
branch 10 never executed
call   11 never executed
branch 12 never executed
branch 13 never executed
call   14 never executed
branch 15 never executed
branch 16 never executed
call   17 never executed
branch 18 never executed
branch 19 never executed
call   20 never executed
branch 21 never executed
branch 22 never executed
call   23 never executed
branch 24 taken 100% (fallthrough)
branch 25 taken 0% (throw)
call   26 returned 100%
branch 27 taken 100%
branch 28 taken 0%
call   29 never executed
call   30 never executed
call   31 never executed
        1:   50:    ASSERT_EQ( 13, p.second);
branch  0 taken 100% (fallthrough)
branch  1 taken 0% (throw)
call    2 returned 100%
call    3 returned 100%
branch  4 taken 0% (fallthrough)
branch  5 taken 100%
branch  6 never executed
branch  7 never executed
call    8 never executed
branch  9 never executed
branch 10 never executed
call   11 never executed
branch 12 never executed
branch 13 never executed
call   14 never executed
branch 15 never executed
branch 16 never executed
call   17 never executed
branch 18 never executed
branch 19 never executed
call   20 never executed
branch 21 never executed
branch 22 never executed
call   23 never executed
branch 24 taken 100% (fallthrough)
branch 25 taken 0% (throw)
call   26 returned 100%
branch 27 taken 100%
branch 28 taken 0%
call   29 returned 100%
branch 30 taken 100%
branch 31 taken 0%
call   32 never executed
call   33 never executed
call   34 never executed
call   35 never executed
call   36 never executed
        -:   51:}
        -:   52:
        -:   53:// ----
        -:   54:// eval
        -:   55:// ----
        -:   56:
function _ZN19Collatz_eval_1_TestD0Ev called 1 returned 100% blocks executed 100%
function _ZN19Collatz_eval_1_TestD2Ev called 1 returned 100% blocks executed 75%
function _ZN19Collatz_eval_1_Test8TestBodyEv called 1 returned 100% blocks executed 35%
function _ZN19Collatz_eval_1_TestC2Ev called 1 returned 100% blocks executed 100%
        5:   57:TEST(Collatz, eval_1) {
call    0 returned 100%
call    1 returned 100%
call    2 returned 100%
call    3 returned 100%
call    4 returned 100%
call    5 returned 100%
call    6 returned 100%
branch  7 taken 0% (fallthrough)
branch  8 taken 100%
call    9 never executed
call   10 returned 100%
        1:   58:    const int v = collatz_eval(1, 10);
branch  0 taken 100% (fallthrough)
branch  1 taken 0% (throw)
call    2 returned 100%
        1:   59:    ASSERT_EQ(20, v);}
branch  0 taken 100% (fallthrough)
branch  1 taken 0% (throw)
call    2 returned 100%
call    3 returned 100%
branch  4 taken 0% (fallthrough)
branch  5 taken 100%
branch  6 never executed
branch  7 never executed
call    8 never executed
branch  9 never executed
branch 10 never executed
call   11 never executed
branch 12 never executed
branch 13 never executed
call   14 never executed
branch 15 never executed
branch 16 never executed
call   17 never executed
branch 18 never executed
branch 19 never executed
call   20 never executed
branch 21 never executed
branch 22 never executed
call   23 never executed
branch 24 taken 100% (fallthrough)
branch 25 taken 0% (throw)
call   26 returned 100%
branch 27 taken 100%
branch 28 taken 0%
call   29 never executed
call   30 never executed
call   31 never executed
call   32 never executed
        -:   60:
function _ZN19Collatz_eval_2_TestD0Ev called 1 returned 100% blocks executed 100%
function _ZN19Collatz_eval_2_TestD2Ev called 1 returned 100% blocks executed 75%
function _ZN19Collatz_eval_2_Test8TestBodyEv called 1 returned 100% blocks executed 35%
function _ZN19Collatz_eval_2_TestC2Ev called 1 returned 100% blocks executed 100%
        5:   61:TEST(Collatz, eval_2) {
call    0 returned 100%
call    1 returned 100%
call    2 returned 100%
call    3 returned 100%
call    4 returned 100%
call    5 returned 100%
call    6 returned 100%
branch  7 taken 0% (fallthrough)
branch  8 taken 100%
call    9 never executed
call   10 returned 100%
        1:   62:    const int v = collatz_eval(100, 200);
branch  0 taken 100% (fallthrough)
branch  1 taken 0% (throw)
call    2 returned 100%
        1:   63:    ASSERT_EQ(125, v);}
branch  0 taken 100% (fallthrough)
branch  1 taken 0% (throw)
call    2 returned 100%
call    3 returned 100%
branch  4 taken 0% (fallthrough)
branch  5 taken 100%
branch  6 never executed
branch  7 never executed
call    8 never executed
branch  9 never executed
branch 10 never executed
call   11 never executed
branch 12 never executed
branch 13 never executed
call   14 never executed
branch 15 never executed
branch 16 never executed
call   17 never executed
branch 18 never executed
branch 19 never executed
call   20 never executed
branch 21 never executed
branch 22 never executed
call   23 never executed
branch 24 taken 100% (fallthrough)
branch 25 taken 0% (throw)
call   26 returned 100%
branch 27 taken 100%
branch 28 taken 0%
call   29 never executed
call   30 never executed
call   31 never executed
call   32 never executed
        -:   64:
function _ZN19Collatz_eval_3_TestD0Ev called 1 returned 100% blocks executed 100%
function _ZN19Collatz_eval_3_TestD2Ev called 1 returned 100% blocks executed 75%
function _ZN19Collatz_eval_3_Test8TestBodyEv called 1 returned 100% blocks executed 35%
function _ZN19Collatz_eval_3_TestC2Ev called 1 returned 100% blocks executed 100%
        5:   65:TEST(Collatz, eval_3) {
call    0 returned 100%
call    1 returned 100%
call    2 returned 100%
call    3 returned 100%
call    4 returned 100%
call    5 returned 100%
call    6 returned 100%
branch  7 taken 0% (fallthrough)
branch  8 taken 100%
call    9 never executed
call   10 returned 100%
        1:   66:    const int v = collatz_eval(201, 210);
branch  0 taken 100% (fallthrough)
branch  1 taken 0% (throw)
call    2 returned 100%
        1:   67:    ASSERT_EQ(89, v);}
branch  0 taken 100% (fallthrough)
branch  1 taken 0% (throw)
call    2 returned 100%
call    3 returned 100%
branch  4 taken 0% (fallthrough)
branch  5 taken 100%
branch  6 never executed
branch  7 never executed
call    8 never executed
branch  9 never executed
branch 10 never executed
call   11 never executed
branch 12 never executed
branch 13 never executed
call   14 never executed
branch 15 never executed
branch 16 never executed
call   17 never executed
branch 18 never executed
branch 19 never executed
call   20 never executed
branch 21 never executed
branch 22 never executed
call   23 never executed
branch 24 taken 100% (fallthrough)
branch 25 taken 0% (throw)
call   26 returned 100%
branch 27 taken 100%
branch 28 taken 0%
call   29 never executed
call   30 never executed
call   31 never executed
call   32 never executed
        -:   68:
function _ZN19Collatz_eval_4_TestD0Ev called 1 returned 100% blocks executed 100%
function _ZN19Collatz_eval_4_TestD2Ev called 1 returned 100% blocks executed 75%
function _ZN19Collatz_eval_4_Test8TestBodyEv called 1 returned 100% blocks executed 35%
function _ZN19Collatz_eval_4_TestC2Ev called 1 returned 100% blocks executed 100%
        5:   69:TEST(Collatz, eval_4) {
call    0 returned 100%
call    1 returned 100%
call    2 returned 100%
call    3 returned 100%
call    4 returned 100%
call    5 returned 100%
call    6 returned 100%
branch  7 taken 0% (fallthrough)
branch  8 taken 100%
call    9 never executed
call   10 returned 100%
        1:   70:    const int v = collatz_eval(900, 1000);
branch  0 taken 100% (fallthrough)
branch  1 taken 0% (throw)
call    2 returned 100%
        1:   71:    ASSERT_EQ(174, v);}
branch  0 taken 100% (fallthrough)
branch  1 taken 0% (throw)
call    2 returned 100%
call    3 returned 100%
branch  4 taken 0% (fallthrough)
branch  5 taken 100%
branch  6 never executed
branch  7 never executed
call    8 never executed
branch  9 never executed
branch 10 never executed
call   11 never executed
branch 12 never executed
branch 13 never executed
call   14 never executed
branch 15 never executed
branch 16 never executed
call   17 never executed
branch 18 never executed
branch 19 never executed
call   20 never executed
branch 21 never executed
branch 22 never executed
call   23 never executed
branch 24 taken 100% (fallthrough)
branch 25 taken 0% (throw)
call   26 returned 100%
branch 27 taken 100%
branch 28 taken 0%
call   29 never executed
call   30 never executed
call   31 never executed
call   32 never executed
        -:   72:
        -:   73:
        -:   74:// -----
        -:   75:// print
        -:   76:// -----
        -:   77:
function _ZN20Collatz_print_0_TestD0Ev called 1 returned 100% blocks executed 100%
function _ZN20Collatz_print_0_TestD2Ev called 1 returned 100% blocks executed 75%
function _ZN20Collatz_print_0_Test8TestBodyEv called 1 returned 100% blocks executed 42%
function _ZN20Collatz_print_0_TestC2Ev called 1 returned 100% blocks executed 100%
        5:   78:TEST(Collatz, print_0) {
call    0 returned 100%
call    1 returned 100%
call    2 returned 100%
call    3 returned 100%
call    4 returned 100%
call    5 returned 100%
call    6 returned 100%
branch  7 taken 0% (fallthrough)
branch  8 taken 100%
call    9 never executed
call   10 returned 100%
        1:   79:    ostringstream w;
branch  0 taken 100% (fallthrough)
branch  1 taken 0% (throw)
call    2 returned 100%
        1:   80:    collatz_print(w, 1, 10, 20);
branch  0 taken 100% (fallthrough)
branch  1 taken 0% (throw)
call    2 returned 100%
        1:   81:    ASSERT_EQ("1 10 20\n", w.str());}
branch  0 taken 100% (fallthrough)
branch  1 taken 0% (throw)
call    2 returned 100%
branch  3 taken 100% (fallthrough)
branch  4 taken 0% (throw)
call    5 returned 100%
call    6 returned 100%
call    7 returned 100%
branch  8 taken 0% (fallthrough)
branch  9 taken 100%
branch 10 never executed
branch 11 never executed
call   12 never executed
branch 13 never executed
branch 14 never executed
call   15 never executed
branch 16 never executed
branch 17 never executed
call   18 never executed
branch 19 never executed
branch 20 never executed
call   21 never executed
branch 22 never executed
branch 23 never executed
call   24 never executed
branch 25 never executed
branch 26 never executed
call   27 never executed
branch 28 taken 100% (fallthrough)
branch 29 taken 0% (throw)
call   30 returned 100%
branch 31 taken 100%
branch 32 taken 0%
branch 33 taken 100% (fallthrough)
branch 34 taken 0% (throw)
call   35 returned 100%
branch 36 taken 100%
branch 37 taken 0%
call   38 never executed
call   39 never executed
call   40 never executed
call   41 never executed
call   42 never executed
call   43 never executed
        -:   82:
function _ZN20Collatz_print_1_TestD0Ev called 1 returned 100% blocks executed 100%
function _ZN20Collatz_print_1_TestD2Ev called 1 returned 100% blocks executed 75%
function _ZN20Collatz_print_1_Test8TestBodyEv called 1 returned 100% blocks executed 42%
function _ZN20Collatz_print_1_TestC2Ev called 1 returned 100% blocks executed 100%
        5:   83:TEST(Collatz, print_1) {
call    0 returned 100%
call    1 returned 100%
call    2 returned 100%
call    3 returned 100%
call    4 returned 100%
call    5 returned 100%
call    6 returned 100%
branch  7 taken 0% (fallthrough)
branch  8 taken 100%
call    9 never executed
call   10 returned 100%
        1:   84:    ostringstream w;
branch  0 taken 100% (fallthrough)
branch  1 taken 0% (throw)
call    2 returned 100%
        1:   85:    collatz_print(w, 10, 0, -1);
branch  0 taken 100% (fallthrough)
branch  1 taken 0% (throw)
call    2 returned 100%
        1:   86:    ASSERT_EQ("10 0 -1\n", w.str());
branch  0 taken 100% (fallthrough)
branch  1 taken 0% (throw)
call    2 returned 100%
branch  3 taken 100% (fallthrough)
branch  4 taken 0% (throw)
call    5 returned 100%
call    6 returned 100%
call    7 returned 100%
branch  8 taken 0% (fallthrough)
branch  9 taken 100%
branch 10 never executed
branch 11 never executed
call   12 never executed
branch 13 never executed
branch 14 never executed
call   15 never executed
branch 16 never executed
branch 17 never executed
call   18 never executed
branch 19 never executed
branch 20 never executed
call   21 never executed
branch 22 never executed
branch 23 never executed
call   24 never executed
branch 25 never executed
branch 26 never executed
call   27 never executed
branch 28 taken 100% (fallthrough)
branch 29 taken 0% (throw)
call   30 returned 100%
branch 31 taken 100%
branch 32 taken 0%
branch 33 taken 100% (fallthrough)
branch 34 taken 0% (throw)
call   35 returned 100%
branch 36 taken 100%
branch 37 taken 0%
call   38 never executed
call   39 never executed
call   40 never executed
call   41 never executed
call   42 never executed
call   43 never executed
        -:   87:}
        -:   88:
function _ZN20Collatz_print_2_TestD0Ev called 1 returned 100% blocks executed 100%
function _ZN20Collatz_print_2_TestD2Ev called 1 returned 100% blocks executed 75%
function _ZN20Collatz_print_2_Test8TestBodyEv called 1 returned 100% blocks executed 42%
function _ZN20Collatz_print_2_TestC2Ev called 1 returned 100% blocks executed 100%
        5:   89:TEST(Collatz, print_2) {
call    0 returned 100%
call    1 returned 100%
call    2 returned 100%
call    3 returned 100%
call    4 returned 100%
call    5 returned 100%
call    6 returned 100%
branch  7 taken 0% (fallthrough)
branch  8 taken 100%
call    9 never executed
call   10 returned 100%
        1:   90:    ostringstream w;
branch  0 taken 100% (fallthrough)
branch  1 taken 0% (throw)
call    2 returned 100%
        1:   91:    collatz_print(w, 100000000, 7, 10);
branch  0 taken 100% (fallthrough)
branch  1 taken 0% (throw)
call    2 returned 100%
        1:   92:    ASSERT_EQ("100000000 7 10\n", w.str());
branch  0 taken 100% (fallthrough)
branch  1 taken 0% (throw)
call    2 returned 100%
branch  3 taken 100% (fallthrough)
branch  4 taken 0% (throw)
call    5 returned 100%
call    6 returned 100%
call    7 returned 100%
branch  8 taken 0% (fallthrough)
branch  9 taken 100%
branch 10 never executed
branch 11 never executed
call   12 never executed
branch 13 never executed
branch 14 never executed
call   15 never executed
branch 16 never executed
branch 17 never executed
call   18 never executed
branch 19 never executed
branch 20 never executed
call   21 never executed
branch 22 never executed
branch 23 never executed
call   24 never executed
branch 25 never executed
branch 26 never executed
call   27 never executed
branch 28 taken 100% (fallthrough)
branch 29 taken 0% (throw)
call   30 returned 100%
branch 31 taken 100%
branch 32 taken 0%
branch 33 taken 100% (fallthrough)
branch 34 taken 0% (throw)
call   35 returned 100%
branch 36 taken 100%
branch 37 taken 0%
call   38 never executed
call   39 never executed
call   40 never executed
call   41 never executed
call   42 never executed
call   43 never executed
        -:   93:}
        -:   94:
        -:   95:
        -:   96:// -----
        -:   97:// solve
        -:   98:// -----
        -:   99:
function _ZN20Collatz_solve_0_TestD0Ev called 1 returned 100% blocks executed 100%
function _ZN20Collatz_solve_0_TestD2Ev called 1 returned 100% blocks executed 75%
function _ZN20Collatz_solve_0_Test8TestBodyEv called 1 returned 100% blocks executed 45%
function _ZN20Collatz_solve_0_TestC2Ev called 1 returned 100% blocks executed 100%
        5:  100:TEST(Collatz, solve_0) {
call    0 returned 100%
call    1 returned 100%
call    2 returned 100%
call    3 returned 100%
call    4 returned 100%
call    5 returned 100%
call    6 returned 100%
branch  7 taken 0% (fallthrough)
branch  8 taken 100%
call    9 never executed
call   10 returned 100%
        1:  101:    istringstream r("1 10\n100 200\n201 210\n900 1000\n");
call    0 returned 100%
branch  1 taken 100% (fallthrough)
branch  2 taken 0% (throw)
call    3 returned 100%
branch  4 taken 100% (fallthrough)
branch  5 taken 0% (throw)
call    6 returned 100%
call    7 returned 100%
call    8 returned 100%
call    9 never executed
call   10 never executed
        1:  102:    ostringstream w;
branch  0 taken 100% (fallthrough)
branch  1 taken 0% (throw)
call    2 returned 100%
        1:  103:    collatz_solve(r, w);
branch  0 taken 100% (fallthrough)
branch  1 taken 0% (throw)
call    2 returned 100%
        1:  104:    ASSERT_EQ("1 10 20\n100 200 125\n201 210 89\n900 1000 174\n", w.str());}
branch  0 taken 100% (fallthrough)
branch  1 taken 0% (throw)
call    2 returned 100%
branch  3 taken 100% (fallthrough)
branch  4 taken 0% (throw)
call    5 returned 100%
call    6 returned 100%
call    7 returned 100%
branch  8 taken 0% (fallthrough)
branch  9 taken 100%
branch 10 never executed
branch 11 never executed
call   12 never executed
branch 13 never executed
branch 14 never executed
call   15 never executed
branch 16 never executed
branch 17 never executed
call   18 never executed
branch 19 never executed
branch 20 never executed
call   21 never executed
branch 22 never executed
branch 23 never executed
call   24 never executed
branch 25 never executed
branch 26 never executed
call   27 never executed
branch 28 taken 100% (fallthrough)
branch 29 taken 0% (throw)
call   30 returned 100%
branch 31 taken 100%
branch 32 taken 0%
branch 33 taken 100% (fallthrough)
branch 34 taken 0% (throw)
call   35 returned 100%
branch 36 taken 0%
branch 37 taken 100%
branch 38 taken 100% (fallthrough)
branch 39 taken 0% (throw)
call   40 returned 100%
branch 41 taken 100%
branch 42 taken 0%
call   43 never executed
call   44 never executed
call   45 never executed
call   46 never executed
call   47 never executed
call   48 never executed
call   49 never executed
        -:  105:
function _ZN20Collatz_solve_1_TestD0Ev called 1 returned 100% blocks executed 100%
function _ZN20Collatz_solve_1_TestD2Ev called 1 returned 100% blocks executed 75%
function _ZN20Collatz_solve_1_Test8TestBodyEv called 1 returned 100% blocks executed 45%
function _ZN20Collatz_solve_1_TestC2Ev called 1 returned 100% blocks executed 100%
        5:  106:TEST(Collatz, solve_1) {
call    0 returned 100%
call    1 returned 100%
call    2 returned 100%
call    3 returned 100%
call    4 returned 100%
call    5 returned 100%
call    6 returned 100%
branch  7 taken 0% (fallthrough)
branch  8 taken 100%
call    9 never executed
call   10 returned 100%
        1:  107:    istringstream r("1 999999\n");
call    0 returned 100%
branch  1 taken 100% (fallthrough)
branch  2 taken 0% (throw)
call    3 returned 100%
branch  4 taken 100% (fallthrough)
branch  5 taken 0% (throw)
call    6 returned 100%
call    7 returned 100%
call    8 returned 100%
call    9 never executed
call   10 never executed
        1:  108:    ostringstream w;
branch  0 taken 100% (fallthrough)
branch  1 taken 0% (throw)
call    2 returned 100%
        1:  109:    collatz_solve(r, w);
branch  0 taken 100% (fallthrough)
branch  1 taken 0% (throw)
call    2 returned 100%
        1:  110:    ASSERT_EQ("1 999999 476\n", w.str());
branch  0 taken 100% (fallthrough)
branch  1 taken 0% (throw)
call    2 returned 100%
branch  3 taken 100% (fallthrough)
branch  4 taken 0% (throw)
call    5 returned 100%
call    6 returned 100%
call    7 returned 100%
branch  8 taken 0% (fallthrough)
branch  9 taken 100%
branch 10 never executed
branch 11 never executed
call   12 never executed
branch 13 never executed
branch 14 never executed
call   15 never executed
branch 16 never executed
branch 17 never executed
call   18 never executed
branch 19 never executed
branch 20 never executed
call   21 never executed
branch 22 never executed
branch 23 never executed
call   24 never executed
branch 25 never executed
branch 26 never executed
call   27 never executed
branch 28 taken 100% (fallthrough)
branch 29 taken 0% (throw)
call   30 returned 100%
branch 31 taken 100%
branch 32 taken 0%
branch 33 taken 100% (fallthrough)
branch 34 taken 0% (throw)
call   35 returned 100%
branch 36 taken 0%
branch 37 taken 100%
branch 38 taken 100% (fallthrough)
branch 39 taken 0% (throw)
call   40 returned 100%
branch 41 taken 100%
branch 42 taken 0%
call   43 never executed
call   44 never executed
call   45 never executed
call   46 never executed
call   47 never executed
call   48 never executed
call   49 never executed
        -:  111:}
        -:  112:
function _ZN20Collatz_solve_2_TestD0Ev called 1 returned 100% blocks executed 100%
function _ZN20Collatz_solve_2_TestD2Ev called 1 returned 100% blocks executed 75%
function _ZN20Collatz_solve_2_Test8TestBodyEv called 1 returned 100% blocks executed 45%
function _ZN20Collatz_solve_2_TestC2Ev called 1 returned 100% blocks executed 100%
        5:  113:TEST(Collatz, solve_2) {
call    0 returned 100%
call    1 returned 100%
call    2 returned 100%
call    3 returned 100%
call    4 returned 100%
call    5 returned 100%
call    6 returned 100%
branch  7 taken 0% (fallthrough)
branch  8 taken 100%
call    9 never executed
call   10 returned 100%
        1:  114:    istringstream r("1 2\n");
call    0 returned 100%
branch  1 taken 100% (fallthrough)
branch  2 taken 0% (throw)
call    3 returned 100%
branch  4 taken 100% (fallthrough)
branch  5 taken 0% (throw)
call    6 returned 100%
call    7 returned 100%
call    8 returned 100%
call    9 never executed
call   10 never executed
        1:  115:    ostringstream w;
branch  0 taken 100% (fallthrough)
branch  1 taken 0% (throw)
call    2 returned 100%
        1:  116:    collatz_solve(r, w);
branch  0 taken 100% (fallthrough)
branch  1 taken 0% (throw)
call    2 returned 100%
        1:  117:    ASSERT_EQ("1 2 2\n", w.str()); 
branch  0 taken 100% (fallthrough)
branch  1 taken 0% (throw)
call    2 returned 100%
branch  3 taken 100% (fallthrough)
branch  4 taken 0% (throw)
call    5 returned 100%
call    6 returned 100%
call    7 returned 100%
branch  8 taken 0% (fallthrough)
branch  9 taken 100%
branch 10 never executed
branch 11 never executed
call   12 never executed
branch 13 never executed
branch 14 never executed
call   15 never executed
branch 16 never executed
branch 17 never executed
call   18 never executed
branch 19 never executed
branch 20 never executed
call   21 never executed
branch 22 never executed
branch 23 never executed
call   24 never executed
branch 25 never executed
branch 26 never executed
call   27 never executed
branch 28 taken 100% (fallthrough)
branch 29 taken 0% (throw)
call   30 returned 100%
branch 31 taken 100%
branch 32 taken 0%
branch 33 taken 100% (fallthrough)
branch 34 taken 0% (throw)
call   35 returned 100%
branch 36 taken 0%
branch 37 taken 100%
branch 38 taken 100% (fallthrough)
branch 39 taken 0% (throw)
call   40 returned 100%
branch 41 taken 100%
branch 42 taken 0%
call   43 never executed
call   44 never executed
call   45 never executed
call   46 never executed
call   47 never executed
call   48 never executed
call   49 never executed
function _GLOBAL__sub_I__ZN19Collatz_read_0_Test10test_info_E called 1 returned 100% blocks executed 100%
function _Z41__static_initialization_and_destruction_0ii called 1 returned 100% blocks executed 100%
        3:  118:}
call    0 returned 100%
branch  1 taken 100% (fallthrough)
branch  2 taken 0%
branch  3 taken 100% (fallthrough)
branch  4 taken 0%
        -:  119:
        -:  120:/*
        -:  121:% ls -al /usr/include/gtest/
        -:  122:...
        -:  123:gtest.h
        -:  124:...
        -:  125:
        -:  126:
        -:  127:
        -:  128:% locate libgtest.a
        -:  129:/usr/lib/libgtest.a
        -:  130:...
        -:  131:
        -:  132:
        -:  133:
        -:  134:% locate libpthread.a
        -:  135:...
        -:  136:/usr/lib32/libpthread.a
        -:  137:
        -:  138:
        -:  139:
        -:  140:% locate libgtest_main.a
        -:  141:/usr/lib/libgtest_main.a
        -:  142:...
        -:  143:
        -:  144:
        -:  145:
        -:  146:% g++-4.7 -fprofile-arcs -ftest-coverage -pedantic -std=c++11 -Wall Collatz.c++ TestCollatz.c++ -o TestCollatz -lgtest -lgtest_main -lpthread
        -:  147:
        -:  148:
        -:  149:
        -:  150:% valgrind TestCollatz        >  TestCollatz.out 2>&1
        -:  151:% gcov-4.7 -b Collatz.c++     >> TestCollatz.out
        -:  152:% gcov-4.7 -b TestCollatz.c++ >> TestCollatz.out
        -:  153:
        -:  154:
        -:  155:
        -:  156:% cat TestCollatz.out
        -:  157:==14225== Memcheck, a memory error detector
        -:  158:==14225== Copyright (C) 2002-2011, and GNU GPL'd, by Julian Seward et al.
        -:  159:==14225== Using Valgrind-3.7.0 and LibVEX; rerun with -h for copyright info
        -:  160:==14225== Command: TestCollatz
        -:  161:==14225==
        -:  162:Running main() from gtest_main.cc
        -:  163:[==========] Running 7 tests from 1 test case.
        -:  164:[----------] Global test environment set-up.
        -:  165:[----------] 7 tests from Collatz
        -:  166:[ RUN      ] Collatz.read
        -:  167:[       OK ] Collatz.read (31 ms)
        -:  168:[ RUN      ] Collatz.eval_1
        -:  169:[       OK ] Collatz.eval_1 (5 ms)
        -:  170:[ RUN      ] Collatz.eval_2
        -:  171:[       OK ] Collatz.eval_2 (3 ms)
        -:  172:[ RUN      ] Collatz.eval_3
        -:  173:[       OK ] Collatz.eval_3 (3 ms)
        -:  174:[ RUN      ] Collatz.eval_4
        -:  175:[       OK ] Collatz.eval_4 (3 ms)
        -:  176:[ RUN      ] Collatz.print
        -:  177:[       OK ] Collatz.print (17 ms)
        -:  178:[ RUN      ] Collatz.solve
        -:  179:[       OK ] Collatz.solve (10 ms)
        -:  180:[----------] 7 tests from Collatz (88 ms total)
        -:  181:
        -:  182:[----------] Global test environment tear-down
        -:  183:[==========] 7 tests from 1 test case ran. (132 ms total)
        -:  184:[  PASSED  ] 7 tests.
        -:  185:==14225==
        -:  186:==14225== HEAP SUMMARY:
        -:  187:==14225==     in use at exit: 0 bytes in 0 blocks
        -:  188:==14225==   total heap usage: 495 allocs, 495 frees, 70,302 bytes allocated
        -:  189:==14225==
        -:  190:==14225== All heap blocks were freed -- no leaks are possible
        -:  191:==14225==
        -:  192:==14225== For counts of detected and suppressed errors, rerun with: -v
        -:  193:==14225== ERROR SUMMARY: 0 errors from 0 contexts (suppressed: 2 from 2)
        -:  194:File 'Collatz.c++'
        -:  195:Lines executed:100.00% of 17
        -:  196:Branches executed:100.00% of 18
        -:  197:Taken at least once:61.11% of 18
        -:  198:Calls executed:89.47% of 19
        -:  199:Creating 'Collatz.c++.gcov'
        -:  200:...
        -:  201:File 'TestCollatz.c++'
        -:  202:Lines executed:100.00% of 26
        -:  203:Branches executed:57.14% of 224
        -:  204:Taken at least once:28.57% of 224
        -:  205:Calls executed:54.07% of 209
        -:  206:Creating 'TestCollatz.c++.gcov'
        -:  207:...
        -:  208:*/
